[PREINITIALIZATION][SERVER][INFO] Thank you to the Patreon supporters below and others who make CraftTweaker possible!
Ivy_
Spencer Gilbert
MT7658
Belathus
Phillip Swearingain
AdaraChristine
Peregrinus11
Brønsted
DreamThorn
Pongo Sapiens
Genryu
Ncc1702
Hooley
NerdyWhiteGuy
Jessie Sims
Zuniroa
SquidDev
NickT
Quaternary
Luvely
If you want to support the mod, checkout https://patreon.com/jaredlll08?s=crtmod

[PREINITIALIZATION][SERVER][INFO] Current loaders after merging: [[preinit]]
[PREINITIALIZATION][SERVER][INFO] Loading scripts for loader with names [preinit]
[PREINITIALIZATION][SERVER][INFO] Completed script loading in: 1ms
[INITIALIZATION][SERVER][INFO] CraftTweaker: Building registry
[INITIALIZATION][SERVER][INFO] CraftTweaker: Successfully built item registry
[INITIALIZATION][SERVER][INFO] Current loaders after merging: [[preinit], [recipeevent | crafttweaker]]
[INITIALIZATION][SERVER][INFO] Loading scripts for loader with names [crafttweaker | recipeevent]
[INITIALIZATION][SERVER][INFO] Completed script loading in: 0ms
[POSTINITIALIZATION][SERVER][INFO] Removing recipes for various outputs
